[1106/033238.697:ERROR:directory_reader_win.cc(43)] FindFirstFile: The system cannot find the path specified. (0x3)
[1203/104049.958:ERROR:directory_reader_win.cc(43)] FindFirstFile: The system cannot find the path specified. (0x3)
[1205/042807.735:ERROR:directory_reader_win.cc(43)] FindFirstFile: The system cannot find the path specified. (0x3)
[1205/044513.079:ERROR:process_memory_win.cc(73)] ReadMemory at 0x26084c2cf80 of 6656 bytes failed: Only part of a ReadProcessMemory or WriteProcessMemory request was completed. (0x12B)
[1205/044513.079:ERROR:process_snapshot_win.cc(322)] failed to read unloaded module data
[1205/044514.911:ERROR:process_memory_win.cc(73)] ReadMemory at 0x26084c14fe0 of 72 bytes failed: Only part of a ReadProcessMemory or WriteProcessMemory request was completed. (0x12B)
[1205/044514.912:WARNING:pe_image_annotations_reader.cc(135)] could not read annotations list object in C:\Program Files (x86)\Google\Chrome\Application\86.0.4240.111\chrome_elf.dll
[1205/044514.912:ERROR:process_memory_win.cc(73)] ReadMemory at 0x26084c598e0 of 72 bytes failed: Only part of a ReadProcessMemory or WriteProcessMemory request was completed. (0x12B)
[1205/044514.912:WARNING:pe_image_annotations_reader.cc(135)] could not read annotations list object in C:\Program Files (x86)\Google\Chrome\Application\86.0.4240.111\chrome.dll
[1205/044606.893:ERROR:process_memory_win.cc(73)] ReadMemory at 0x7ff7bdb90000 of 64 bytes failed: Only part of a ReadProcessMemory or WriteProcessMemory request was completed. (0x12B)
[1205/044606.894:WARNING:pe_image_reader.cc(340)] could not read dos header from C:\Program Files (x86)\Google\Chrome\Application\chrome.exe
[1205/044606.894:ERROR:process_memory_win.cc(73)] ReadMemory at 0x7ffdf2b60000 of 64 bytes failed: Only part of a ReadProcessMemory or WriteProcessMemory request was completed. (0x12B)
[1205/044606.894:WARNING:pe_image_reader.cc(340)] could not read dos header from C:\WINDOWS\SYSTEM32\ntdll.dll
[1205/044606.894:ERROR:process_memory_win.cc(73)] ReadMemory at 0x7ffdf2010000 of 64 bytes failed: Only part of a ReadProcessMemory or WriteProcessMemory request was completed. (0x12B)
[1205/044606.895:WARNING:pe_image_reader.cc(340)] could not read dos header from C:\WINDOWS\System32\KERNEL32.DLL
[1205/044606.895:ERROR:process_memory_win.cc(73)] ReadMemory at 0x7ffdefae0000 of 64 bytes failed: Only part of a ReadProcessMemory or WriteProcessMemory request was completed. (0x12B)
[1205/044606.895:WARNING:pe_image_reader.cc(340)] could not read dos header from C:\WINDOWS\System32\KERNELBASE.dll
[1205/044606.895:ERROR:process_memory_win.cc(73)] ReadMemory at 0x7ffdd6500000 of 64 bytes failed: Only part of a ReadProcessMemory or WriteProcessMemory request was completed. (0x12B)
[1205/044606.895:WARNING:pe_image_reader.cc(340)] could not read dos header from C:\Program Files (x86)\Google\Chrome\Application\86.0.4240.111\chrome_elf.dll
[1205/044606.895:ERROR:process_memory_win.cc(73)] ReadMemory at 0x7ffde0080000 of 64 bytes failed: Only part of a ReadProcessMemory or WriteProcessMemory request was completed. (0x12B)
[1205/044606.895:WARNING:pe_image_reader.cc(340)] could not read dos header from C:\WINDOWS\SYSTEM32\VERSION.dll
[1205/044606.895:ERROR:process_memory_win.cc(73)] ReadMemory at 0x7ffdf19d0000 of 64 bytes failed: Only part of a ReadProcessMemory or WriteProcessMemory request was completed. (0x12B)
[1205/044606.895:WARNING:pe_image_reader.cc(340)] could not read dos header from C:\WINDOWS\System32\msvcrt.dll
[1205/044606.895:ERROR:process_memory_win.cc(73)] ReadMemory at 0x7ffdf0130000 of 64 bytes failed: Only part of a ReadProcessMemory or WriteProcessMemory request was completed. (0x12B)
[1205/044606.895:WARNING:pe_image_reader.cc(340)] could not read dos header from C:\WINDOWS\System32\bcryptPrimitives.dll
[1205/044606.895:ERROR:process_memory_win.cc(73)] ReadMemory at 0x7ffdf2a70000 of 64 bytes failed: Only part of a ReadProcessMemory or WriteProcessMemory request was completed. (0x12B)
[1205/044606.896:WARNING:pe_image_reader.cc(340)] could not read dos header from C:\WINDOWS\System32\ADVAPI32.dll
[1205/044606.896:ERROR:process_memory_win.cc(73)] ReadMemory at 0x7ffdf1c60000 of 64 bytes failed: Only part of a ReadProcessMemory or WriteProcessMemory request was completed. (0x12B)
[1205/044606.896:WARNING:pe_image_reader.cc(340)] could not read dos header from C:\WINDOWS\System32\sechost.dll
[1205/044606.896:ERROR:process_memory_win.cc(73)] ReadMemory at 0x7ffdf1640000 of 64 bytes failed: Only part of a ReadProcessMemory or WriteProcessMemory request was completed. (0x12B)
[1205/044606.896:WARNING:pe_image_reader.cc(340)] could not read dos header from C:\WINDOWS\System32\RPCRT4.dll
[1205/044606.896:ERROR:process_memory_win.cc(73)] ReadMemory at 0x7ffd928b0000 of 64 bytes failed: Only part of a ReadProcessMemory or WriteProcessMemory request was completed. (0x12B)
[1205/044606.896:WARNING:pe_image_reader.cc(340)] could not read dos header from C:\Program Files (x86)\Google\Chrome\Application\86.0.4240.111\chrome.dll
[1205/044606.896:ERROR:process_memory_win.cc(73)] ReadMemory at 0x7ffdf1bf0000 of 64 bytes failed: Only part of a ReadProcessMemory or WriteProcessMemory request was completed. (0x12B)
[1205/044606.896:WARNING:pe_image_reader.cc(340)] could not read dos header from C:\WINDOWS\System32\WS2_32.dll
[1205/044606.896:ERROR:process_memory_win.cc(73)] ReadMemory at 0x7ffdf1a70000 of 64 bytes failed: Only part of a ReadProcessMemory or WriteProcessMemory request was completed. (0x12B)
[1205/044606.896:WARNING:pe_image_reader.cc(340)] could not read dos header from C:\WINDOWS\System32\OLEAUT32.dll
[1205/044606.897:ERROR:process_memory_win.cc(73)] ReadMemory at 0x7ffdf03c0000 of 64 bytes failed: Only part of a ReadProcessMemory or WriteProcessMemory request was completed. (0x12B)
[1205/044606.897:WARNING:pe_image_reader.cc(340)] could not read dos header from C:\WINDOWS\System32\msvcp_win.dll
[1205/044606.897:ERROR:process_memory_win.cc(73)] ReadMemory at 0x7ffdf01b0000 of 64 bytes failed: Only part of a ReadProcessMemory or WriteProcessMemory request was completed. (0x12B)
[1205/044606.897:WARNING:pe_image_reader.cc(340)] could not read dos header from C:\WINDOWS\System32\ucrtbase.dll
[1205/044606.897:ERROR:process_memory_win.cc(73)] ReadMemory at 0x7ffdf0c10000 of 64 bytes failed: Only part of a ReadProcessMemory or WriteProcessMemory request was completed. (0x12B)
[1205/044606.897:WARNING:pe_image_reader.cc(340)] could not read dos header from C:\WINDOWS\System32\combase.dll
[1205/044606.897:ERROR:process_memory_win.cc(73)] ReadMemory at 0x7ffdf02b0000 of 64 bytes failed: Only part of a ReadProcessMemory or WriteProcessMemory request was completed. (0x12B)
[1205/044606.897:WARNING:pe_image_reader.cc(340)] could not read dos header from C:\WINDOWS\System32\WINTRUST.dll
[1205/044606.897:ERROR:process_memory_win.cc(73)] ReadMemory at 0x7ffdefa40000 of 64 bytes failed: Only part of a ReadProcessMemory or WriteProcessMemory request was completed. (0x12B)
[1205/044606.897:WARNING:pe_image_reader.cc(340)] could not read dos header from C:\WINDOWS\System32\MSASN1.dll
[1205/044606.897:ERROR:process_memory_win.cc(73)] ReadMemory at 0x7ffdeff30000 of 64 bytes failed: Only part of a ReadProcessMemory or WriteProcessMemory request was completed. (0x12B)
[1205/044606.897:WARNING:pe_image_reader.cc(340)] could not read dos header from C:\WINDOWS\System32\CRYPT32.dll
[1205/044606.898:ERROR:process_memory_win.cc(73)] ReadMemory at 0x7ffdef2d0000 of 64 bytes failed: Only part of a ReadProcessMemory or WriteProcessMemory request was completed. (0x12B)
[1205/044606.898:WARNING:pe_image_reader.cc(340)] could not read dos header from C:\WINDOWS\SYSTEM32\dbghelp.dll
[1205/044606.898:ERROR:process_memory_win.cc(73)] ReadMemory at 0x7ffdee880000 of 64 bytes failed: Only part of a ReadProcessMemory or WriteProcessMemory request was completed. (0x12B)
[1205/044606.898:WARNING:pe_image_reader.cc(340)] could not read dos header from C:\WINDOWS\SYSTEM32\IPHLPAPI.DLL
[1205/044606.898:ERROR:process_memory_win.cc(73)] ReadMemory at 0x7ffded900000 of 64 bytes failed: Only part of a ReadProcessMemory or WriteProcessMemory request was completed. (0x12B)
[1205/044606.898:WARNING:pe_image_reader.cc(340)] could not read dos header from C:\WINDOWS\SYSTEM32\WINMM.dll
[1205/044606.898:ERROR:process_memory_win.cc(73)] ReadMemory at 0x7ffdde790000 of 64 bytes failed: Only part of a ReadProcessMemory or WriteProcessMemory request was completed. (0x12B)
[1205/044606.898:WARNING:pe_image_reader.cc(340)] could not read dos header from C:\WINDOWS\SYSTEM32\UIAutomationCore.DLL
[1205/044606.898:ERROR:process_memory_win.cc(73)] ReadMemory at 0x7ffde00d0000 of 64 bytes failed: Only part of a ReadProcessMemory or WriteProcessMemory request was completed. (0x12B)
[1205/044606.899:WARNING:pe_image_reader.cc(340)] could not read dos header from C:\WINDOWS\SYSTEM32\Secur32.dll
[1205/044606.899:ERROR:process_memory_win.cc(73)] ReadMemory at 0x7ffdef930000 of 64 bytes failed: Only part of a ReadProcessMemory or WriteProcessMemory request was completed. (0x12B)
[1205/044606.899:WARNING:pe_image_reader.cc(340)] could not read dos header from C:\WINDOWS\SYSTEM32\USERENV.dll
[1205/044606.899:ERROR:process_memory_win.cc(73)] ReadMemory at 0x7ffdefab0000 of 64 bytes failed: Only part of a ReadProcessMemory or WriteProcessMemory request was completed. (0x12B)
[1205/044606.899:WARNING:pe_image_reader.cc(340)] could not read dos header from C:\WINDOWS\System32\profapi.dll
[1205/044606.899:ERROR:process_memory_win.cc(73)] ReadMemory at 0x7ffde8f10000 of 64 bytes failed: Only part of a ReadProcessMemory or WriteProcessMemory request was completed. (0x12B)
[1205/044606.899:WARNING:pe_image_reader.cc(340)] could not read dos header from C:\WINDOWS\SYSTEM32\DWrite.dll
[1205/044606.900:ERROR:process_memory_win.cc(73)] ReadMemory at 0x7ffddb520000 of 64 bytes failed: Only part of a ReadProcessMemory or WriteProcessMemory request was completed. (0x12B)
[1205/044606.901:WARNING:pe_image_reader.cc(340)] could not read dos header from C:\WINDOWS\SYSTEM32\WINSPOOL.DRV
[1205/044606.901:ERROR:process_memory_win.cc(73)] ReadMemory at 0x7ffdefa20000 of 64 bytes failed: Only part of a ReadProcessMemory or WriteProcessMemory request was completed. (0x12B)
[1205/044606.901:WARNING:pe_image_reader.cc(340)] could not read dos header from C:\WINDOWS\System32\kernel.appcore.dll
[1205/044606.901:ERROR:process_memory_win.cc(73)] ReadMemory at 0x7ffdf0340000 of 64 bytes failed: Only part of a ReadProcessMemory or WriteProcessMemory request was completed. (0x12B)
[1205/044606.901:WARNING:pe_image_reader.cc(340)] could not read dos header from C:\WINDOWS\System32\bcrypt.dll
[1205/044606.901:ERROR:process_memory_win.cc(73)] ReadMemory at 0x7ffde5fb0000 of 64 bytes failed: Only part of a ReadProcessMemory or WriteProcessMemory request was completed. (0x12B)
[1205/044606.901:WARNING:pe_image_reader.cc(340)] could not read dos header from C:\WINDOWS\SYSTEM32\WINHTTP.dll
[1205/044606.902:ERROR:process_memory_win.cc(73)] ReadMemory at 0x7ffde8610000 of 64 bytes failed: Only part of a ReadProcessMemory or WriteProcessMemory request was completed. (0x12B)
[1205/044606.902:WARNING:pe_image_reader.cc(340)] could not read dos header from C:\WINDOWS\SYSTEM32\dhcpcsvc.DLL
[1205/044606.902:ERROR:process_memory_win.cc(73)] ReadMemory at 0x7ffdf2130000 of 64 bytes failed: Only part of a ReadProcessMemory or WriteProcessMemory request was completed. (0x12B)
[1205/044606.902:WARNING:pe_image_reader.cc(340)] could not read dos header from C:\WINDOWS\System32\NSI.dll
[1205/044606.902:ERROR:process_memory_win.cc(73)] ReadMemory at 0x7ffded8d0000 of 64 bytes failed: Only part of a ReadProcessMemory or WriteProcessMemory request was completed. (0x12B)
[1205/044606.902:WARNING:pe_image_reader.cc(340)] could not read dos header from C:\WINDOWS\SYSTEM32\WINMMBASE.dll
[1205/044606.902:ERROR:process_memory_win.cc(73)] ReadMemory at 0x7ffdf0370000 of 64 bytes failed: Only part of a ReadProcessMemory or WriteProcessMemory request was completed. (0x12B)
[1205/044606.902:WARNING:pe_image_reader.cc(340)] could not read dos header from C:\WINDOWS\System32\cfgmgr32.dll
[1205/044606.902:ERROR:process_memory_win.cc(73)] ReadMemory at 0x7ffded6d0000 of 64 bytes failed: Only part of a ReadProcessMemory or WriteProcessMemory request was completed. (0x12B)
[1205/044606.902:WARNING:pe_image_reader.cc(340)] could not read dos header from C:\WINDOWS\SYSTEM32\PROPSYS.dll
[1205/044606.902:ERROR:process_memory_win.cc(73)] ReadMemory at 0x7ffdf1b40000 of 64 bytes failed: Only part of a ReadProcessMemory or WriteProcessMemory request was completed. (0x12B)
[1205/044606.902:WARNING:pe_image_reader.cc(340)] could not read dos header from C:\WINDOWS\System32\shcore.dll
[1205/044606.902:ERROR:process_memory_win.cc(73)] ReadMemory at 0x7ffdef8f0000 of 64 bytes failed: Only part of a ReadProcessMemory or WriteProcessMemory request was completed. (0x12B)
[1205/044606.903:WARNING:pe_image_reader.cc(340)] could not read dos header from C:\WINDOWS\SYSTEM32\SSPICLI.DLL
[1205/044606.903:ERROR:process_memory_win.cc(73)] ReadMemory at 0x7ffdeec50000 of 64 bytes failed: Only part of a ReadProcessMemory or WriteProcessMemory request was completed. (0x12B)
[1205/044606.903:WARNING:pe_image_reader.cc(340)] could not read dos header from C:\WINDOWS\SYSTEM32\CRYPTBASE.DLL
[1205/044607.895:ERROR:process_memory_win.cc(73)] ReadMemory at 0x7ff7bdb90000 of 64 bytes failed: Only part of a ReadProcessMemory or WriteProcessMemory request was completed. (0x12B)
[1205/044607.895:WARNING:pe_image_reader.cc(340)] could not read dos header from C:\Program Files (x86)\Google\Chrome\Application\chrome.exe
[1205/044607.895:ERROR:process_memory_win.cc(73)] ReadMemory at 0x7ffdf2b60000 of 64 bytes failed: Only part of a ReadProcessMemory or WriteProcessMemory request was completed. (0x12B)
[1205/044607.895:WARNING:pe_image_reader.cc(340)] could not read dos header from C:\WINDOWS\SYSTEM32\ntdll.dll
[1205/044607.895:ERROR:process_memory_win.cc(73)] ReadMemory at 0x7ffdf2010000 of 64 bytes failed: Only part of a ReadProcessMemory or WriteProcessMemory request was completed. (0x12B)
[1205/044607.896:WARNING:pe_image_reader.cc(340)] could not read dos header from C:\WINDOWS\System32\KERNEL32.DLL
[1205/044607.896:ERROR:process_memory_win.cc(73)] ReadMemory at 0x7ffdefae0000 of 64 bytes failed: Only part of a ReadProcessMemory or WriteProcessMemory request was completed. (0x12B)
[1205/044607.896:WARNING:pe_image_reader.cc(340)] could not read dos header from C:\WINDOWS\System32\KERNELBASE.dll
[1205/044607.896:ERROR:process_memory_win.cc(73)] ReadMemory at 0x7ffdd6500000 of 64 bytes failed: Only part of a ReadProcessMemory or WriteProcessMemory request was completed. (0x12B)
[1205/044607.896:WARNING:pe_image_reader.cc(340)] could not read dos header from C:\Program Files (x86)\Google\Chrome\Application\86.0.4240.111\chrome_elf.dll
[1205/044607.896:ERROR:process_memory_win.cc(73)] ReadMemory at 0x7ffde0080000 of 64 bytes failed: Only part of a ReadProcessMemory or WriteProcessMemory request was completed. (0x12B)
[1205/044607.896:WARNING:pe_image_reader.cc(340)] could not read dos header from C:\WINDOWS\SYSTEM32\VERSION.dll
[1205/044607.896:ERROR:process_memory_win.cc(73)] ReadMemory at 0x7ffdf19d0000 of 64 bytes failed: Only part of a ReadProcessMemory or WriteProcessMemory request was completed. (0x12B)
[1205/044607.896:WARNING:pe_image_reader.cc(340)] could not read dos header from C:\WINDOWS\System32\msvcrt.dll
[1205/044607.896:ERROR:process_memory_win.cc(73)] ReadMemory at 0x7ffdf0130000 of 64 bytes failed: Only part of a ReadProcessMemory or WriteProcessMemory request was completed. (0x12B)
[1205/044607.896:WARNING:pe_image_reader.cc(340)] could not read dos header from C:\WINDOWS\System32\bcryptPrimitives.dll
[1205/044607.897:ERROR:process_memory_win.cc(73)] ReadMemory at 0x7ffdf2a70000 of 64 bytes failed: Only part of a ReadProcessMemory or WriteProcessMemory request was completed. (0x12B)
[1205/044607.897:WARNING:pe_image_reader.cc(340)] could not read dos header from C:\WINDOWS\System32\ADVAPI32.dll
[1205/044607.897:ERROR:process_memory_win.cc(73)] ReadMemory at 0x7ffdf1c60000 of 64 bytes failed: Only part of a ReadProcessMemory or WriteProcessMemory request was completed. (0x12B)
[1205/044607.897:WARNING:pe_image_reader.cc(340)] could not read dos header from C:\WINDOWS\System32\sechost.dll
[1205/044607.897:ERROR:process_memory_win.cc(73)] ReadMemory at 0x7ffdf1640000 of 64 bytes failed: Only part of a ReadProcessMemory or WriteProcessMemory request was completed. (0x12B)
[1205/044607.897:WARNING:pe_image_reader.cc(340)] could not read dos header from C:\WINDOWS\System32\RPCRT4.dll
[1205/044607.897:ERROR:process_memory_win.cc(73)] ReadMemory at 0x7ffd928b0000 of 64 bytes failed: Only part of a ReadProcessMemory or WriteProcessMemory request was completed. (0x12B)
[1205/044607.897:WARNING:pe_image_reader.cc(340)] could not read dos header from C:\Program Files (x86)\Google\Chrome\Application\86.0.4240.111\chrome.dll
[1205/044607.898:ERROR:process_memory_win.cc(73)] ReadMemory at 0x7ffdf1bf0000 of 64 bytes failed: Only part of a ReadProcessMemory or WriteProcessMemory request was completed. (0x12B)
[1205/044607.898:WARNING:pe_image_reader.cc(340)] could not read dos header from C:\WINDOWS\System32\WS2_32.dll
[1205/044607.898:ERROR:process_memory_win.cc(73)] ReadMemory at 0x7ffdf1a70000 of 64 bytes failed: Only part of a ReadProcessMemory or WriteProcessMemory request was completed. (0x12B)
[1205/044607.898:WARNING:pe_image_reader.cc(340)] could not read dos header from C:\WINDOWS\System32\OLEAUT32.dll
[1205/044607.898:ERROR:process_memory_win.cc(73)] ReadMemory at 0x7ffdf03c0000 of 64 bytes failed: Only part of a ReadProcessMemory or WriteProcessMemory request was completed. (0x12B)
[1205/044607.898:WARNING:pe_image_reader.cc(340)] could not read dos header from C:\WINDOWS\System32\msvcp_win.dll
[1205/044607.898:ERROR:process_memory_win.cc(73)] ReadMemory at 0x7ffdf01b0000 of 64 bytes failed: Only part of a ReadProcessMemory or WriteProcessMemory request was completed. (0x12B)
[1205/044607.898:WARNING:pe_image_reader.cc(340)] could not read dos header from C:\WINDOWS\System32\ucrtbase.dll
[1205/044607.898:ERROR:process_memory_win.cc(73)] ReadMemory at 0x7ffdf0c10000 of 64 bytes failed: Only part of a ReadProcessMemory or WriteProcessMemory request was completed. (0x12B)
[1205/044607.898:WARNING:pe_image_reader.cc(340)] could not read dos header from C:\WINDOWS\System32\combase.dll
[1205/044607.898:ERROR:process_memory_win.cc(73)] ReadMemory at 0x7ffdf02b0000 of 64 bytes failed: Only part of a ReadProcessMemory or WriteProcessMemory request was completed. (0x12B)
[1205/044607.898:WARNING:pe_image_reader.cc(340)] could not read dos header from C:\WINDOWS\System32\WINTRUST.dll
[1205/044607.898:ERROR:process_memory_win.cc(73)] ReadMemory at 0x7ffdefa40000 of 64 bytes failed: Only part of a ReadProcessMemory or WriteProcessMemory request was completed. (0x12B)
[1205/044607.899:WARNING:pe_image_reader.cc(340)] could not read dos header from C:\WINDOWS\System32\MSASN1.dll
[1205/044607.899:ERROR:process_memory_win.cc(73)] ReadMemory at 0x7ffdeff30000 of 64 bytes failed: Only part of a ReadProcessMemory or WriteProcessMemory request was completed. (0x12B)
[1205/044607.899:WARNING:pe_image_reader.cc(340)] could not read dos header from C:\WINDOWS\System32\CRYPT32.dll
[1205/044607.899:ERROR:process_memory_win.cc(73)] ReadMemory at 0x7ffdef2d0000 of 64 bytes failed: Only part of a ReadProcessMemory or WriteProcessMemory request was completed. (0x12B)
[1205/044607.899:WARNING:pe_image_reader.cc(340)] could not read dos header from C:\WINDOWS\SYSTEM32\dbghelp.dll
[1205/044607.899:ERROR:process_memory_win.cc(73)] ReadMemory at 0x7ffdee880000 of 64 bytes failed: Only part of a ReadProcessMemory or WriteProcessMemory request was completed. (0x12B)
[1205/044607.899:WARNING:pe_image_reader.cc(340)] could not read dos header from C:\WINDOWS\SYSTEM32\IPHLPAPI.DLL
[1205/044607.899:ERROR:process_memory_win.cc(73)] ReadMemory at 0x7ffded900000 of 64 bytes failed: Only part of a ReadProcessMemory or WriteProcessMemory request was completed. (0x12B)
[1205/044607.899:WARNING:pe_image_reader.cc(340)] could not read dos header from C:\WINDOWS\SYSTEM32\WINMM.dll
[1205/044607.899:ERROR:process_memory_win.cc(73)] ReadMemory at 0x7ffdde790000 of 64 bytes failed: Only part of a ReadProcessMemory or WriteProcessMemory request was completed. (0x12B)
[1205/044607.899:WARNING:pe_image_reader.cc(340)] could not read dos header from C:\WINDOWS\SYSTEM32\UIAutomationCore.DLL
[1205/044607.900:ERROR:process_memory_win.cc(73)] ReadMemory at 0x7ffde00d0000 of 64 bytes failed: Only part of a ReadProcessMemory or WriteProcessMemory request was completed. (0x12B)
[1205/044607.900:WARNING:pe_image_reader.cc(340)] could not read dos header from C:\WINDOWS\SYSTEM32\Secur32.dll
[1205/044607.900:ERROR:process_memory_win.cc(73)] ReadMemory at 0x7ffdef930000 of 64 bytes failed: Only part of a ReadProcessMemory or WriteProcessMemory request was completed. (0x12B)
[1205/044607.900:WARNING:pe_image_reader.cc(340)] could not read dos header from C:\WINDOWS\SYSTEM32\USERENV.dll
[1205/044607.900:ERROR:process_memory_win.cc(73)] ReadMemory at 0x7ffdefab0000 of 64 bytes failed: Only part of a ReadProcessMemory or WriteProcessMemory request was completed. (0x12B)
[1205/044607.900:WARNING:pe_image_reader.cc(340)] could not read dos header from C:\WINDOWS\System32\profapi.dll
[1205/044607.900:ERROR:process_memory_win.cc(73)] ReadMemory at 0x7ffde8f10000 of 64 bytes failed: Only part of a ReadProcessMemory or WriteProcessMemory request was completed. (0x12B)
[1205/044607.900:WARNING:pe_image_reader.cc(340)] could not read dos header from C:\WINDOWS\SYSTEM32\DWrite.dll
[1205/044607.900:ERROR:process_memory_win.cc(73)] ReadMemory at 0x7ffddb520000 of 64 bytes failed: Only part of a ReadProcessMemory or WriteProcessMemory request was completed. (0x12B)
[1205/044607.900:WARNING:pe_image_reader.cc(340)] could not read dos header from C:\WINDOWS\SYSTEM32\WINSPOOL.DRV
[1205/044607.900:ERROR:process_memory_win.cc(73)] ReadMemory at 0x7ffdefa20000 of 64 bytes failed: Only part of a ReadProcessMemory or WriteProcessMemory request was completed. (0x12B)
[1205/044607.900:WARNING:pe_image_reader.cc(340)] could not read dos header from C:\WINDOWS\System32\kernel.appcore.dll
[1205/044607.900:ERROR:process_memory_win.cc(73)] ReadMemory at 0x7ffdf0340000 of 64 bytes failed: Only part of a ReadProcessMemory or WriteProcessMemory request was completed. (0x12B)
[1205/044607.900:WARNING:pe_image_reader.cc(340)] could not read dos header from C:\WINDOWS\System32\bcrypt.dll
[1205/044607.901:ERROR:process_memory_win.cc(73)] ReadMemory at 0x7ffde5fb0000 of 64 bytes failed: Only part of a ReadProcessMemory or WriteProcessMemory request was completed. (0x12B)
[1205/044607.901:WARNING:pe_image_reader.cc(340)] could not read dos header from C:\WINDOWS\SYSTEM32\WINHTTP.dll
[1205/044607.901:ERROR:process_memory_win.cc(73)] ReadMemory at 0x7ffde8610000 of 64 bytes failed: Only part of a ReadProcessMemory or WriteProcessMemory request was completed. (0x12B)
[1205/044607.901:WARNING:pe_image_reader.cc(340)] could not read dos header from C:\WINDOWS\SYSTEM32\dhcpcsvc.DLL
[1205/044607.901:ERROR:process_memory_win.cc(73)] ReadMemory at 0x7ffdf2130000 of 64 bytes failed: Only part of a ReadProcessMemory or WriteProcessMemory request was completed. (0x12B)
[1205/044607.901:WARNING:pe_image_reader.cc(340)] could not read dos header from C:\WINDOWS\System32\NSI.dll
[1205/044607.901:ERROR:process_memory_win.cc(73)] ReadMemory at 0x7ffded8d0000 of 64 bytes failed: Only part of a ReadProcessMemory or WriteProcessMemory request was completed. (0x12B)
[1205/044607.901:WARNING:pe_image_reader.cc(340)] could not read dos header from C:\WINDOWS\SYSTEM32\WINMMBASE.dll
[1205/044607.901:ERROR:process_memory_win.cc(73)] ReadMemory at 0x7ffdf0370000 of 64 bytes failed: Only part of a ReadProcessMemory or WriteProcessMemory request was completed. (0x12B)
[1205/044607.901:WARNING:pe_image_reader.cc(340)] could not read dos header from C:\WINDOWS\System32\cfgmgr32.dll
[1205/044607.901:ERROR:process_memory_win.cc(73)] ReadMemory at 0x7ffded6d0000 of 64 bytes failed: Only part of a ReadProcessMemory or WriteProcessMemory request was completed. (0x12B)
[1205/044607.901:WARNING:pe_image_reader.cc(340)] could not read dos header from C:\WINDOWS\SYSTEM32\PROPSYS.dll
[1205/044607.902:ERROR:process_memory_win.cc(73)] ReadMemory at 0x7ffdf1b40000 of 64 bytes failed: Only part of a ReadProcessMemory or WriteProcessMemory request was completed. (0x12B)
[1205/044607.902:WARNING:pe_image_reader.cc(340)] could not read dos header from C:\WINDOWS\System32\shcore.dll
[1205/044607.902:ERROR:process_memory_win.cc(73)] ReadMemory at 0x7ffdef8f0000 of 64 bytes failed: Only part of a ReadProcessMemory or WriteProcessMemory request was completed. (0x12B)
[1205/044607.902:WARNING:pe_image_reader.cc(340)] could not read dos header from C:\WINDOWS\SYSTEM32\SSPICLI.DLL
[1205/044607.902:ERROR:process_memory_win.cc(73)] ReadMemory at 0x7ffdeec50000 of 64 bytes failed: Only part of a ReadProcessMemory or WriteProcessMemory request was completed. (0x12B)
[1205/044607.902:WARNING:pe_image_reader.cc(340)] could not read dos header from C:\WINDOWS\SYSTEM32\CRYPTBASE.DLL
[1205/044607.902:ERROR:process_memory_win.cc(73)] ReadMemory at 0x7ff7bdb90000 of 64 bytes failed: Only part of a ReadProcessMemory or WriteProcessMemory request was completed. (0x12B)
[1205/044607.902:WARNING:pe_image_reader.cc(340)] could not read dos header from C:\Program Files (x86)\Google\Chrome\Application\chrome.exe
[1205/044607.902:ERROR:process_memory_win.cc(73)] ReadMemory at 0x7ffdf2b60000 of 64 bytes failed: Only part of a ReadProcessMemory or WriteProcessMemory request was completed. (0x12B)
[1205/044607.902:WARNING:pe_image_reader.cc(340)] could not read dos header from C:\WINDOWS\SYSTEM32\ntdll.dll
[1205/044607.902:ERROR:process_memory_win.cc(73)] ReadMemory at 0x7ffdf2010000 of 64 bytes failed: Only part of a ReadProcessMemory or WriteProcessMemory request was completed. (0x12B)
[1205/044607.902:WARNING:pe_image_reader.cc(340)] could not read dos header from C:\WINDOWS\System32\KERNEL32.DLL
[1205/044607.902:ERROR:process_memory_win.cc(73)] ReadMemory at 0x7ffdefae0000 of 64 bytes failed: Only part of a ReadProcessMemory or WriteProcessMemory request was completed. (0x12B)
[1205/044607.902:WARNING:pe_image_reader.cc(340)] could not read dos header from C:\WINDOWS\System32\KERNELBASE.dll
[1205/044607.903:ERROR:process_memory_win.cc(73)] ReadMemory at 0x7ffdd6500000 of 64 bytes failed: Only part of a ReadProcessMemory or WriteProcessMemory request was completed. (0x12B)
[1205/044607.903:WARNING:pe_image_reader.cc(340)] could not read dos header from C:\Program Files (x86)\Google\Chrome\Application\86.0.4240.111\chrome_elf.dll
[1205/044607.903:ERROR:process_memory_win.cc(73)] ReadMemory at 0x7ffde0080000 of 64 bytes failed: Only part of a ReadProcessMemory or WriteProcessMemory request was completed. (0x12B)
[1205/044607.903:WARNING:pe_image_reader.cc(340)] could not read dos header from C:\WINDOWS\SYSTEM32\VERSION.dll
[1205/044607.903:ERROR:process_memory_win.cc(73)] ReadMemory at 0x7ffdf19d0000 of 64 bytes failed: Only part of a ReadProcessMemory or WriteProcessMemory request was completed. (0x12B)
[1205/044607.903:WARNING:pe_image_reader.cc(340)] could not read dos header from C:\WINDOWS\System32\msvcrt.dll
[1205/044607.903:ERROR:process_memory_win.cc(73)] ReadMemory at 0x7ffdf0130000 of 64 bytes failed: Only part of a ReadProcessMemory or WriteProcessMemory request was completed. (0x12B)
[1205/044607.903:WARNING:pe_image_reader.cc(340)] could not read dos header from C:\WINDOWS\System32\bcryptPrimitives.dll
[1205/044607.903:ERROR:process_memory_win.cc(73)] ReadMemory at 0x7ffdf2a70000 of 64 bytes failed: Only part of a ReadProcessMemory or WriteProcessMemory request was completed. (0x12B)
[1205/044607.903:WARNING:pe_image_reader.cc(340)] could not read dos header from C:\WINDOWS\System32\ADVAPI32.dll
[1205/044607.903:ERROR:process_memory_win.cc(73)] ReadMemory at 0x7ffdf1c60000 of 64 bytes failed: Only part of a ReadProcessMemory or WriteProcessMemory request was completed. (0x12B)
[1205/044607.903:WARNING:pe_image_reader.cc(340)] could not read dos header from C:\WINDOWS\System32\sechost.dll
[1205/044607.903:ERROR:process_memory_win.cc(73)] ReadMemory at 0x7ffdf1640000 of 64 bytes failed: Only part of a ReadProcessMemory or WriteProcessMemory request was completed. (0x12B)
[1205/044607.904:WARNING:pe_image_reader.cc(340)] could not read dos header from C:\WINDOWS\System32\RPCRT4.dll
[1205/044607.904:ERROR:process_memory_win.cc(73)] ReadMemory at 0x7ffd928b0000 of 64 bytes failed: Only part of a ReadProcessMemory or WriteProcessMemory request was completed. (0x12B)
[1205/044607.904:WARNING:pe_image_reader.cc(340)] could not read dos header from C:\Program Files (x86)\Google\Chrome\Application\86.0.4240.111\chrome.dll
[1205/044607.904:ERROR:process_memory_win.cc(73)] ReadMemory at 0x7ffdf1bf0000 of 64 bytes failed: Only part of a ReadProcessMemory or WriteProcessMemory request was completed. (0x12B)
[1205/044607.904:WARNING:pe_image_reader.cc(340)] could not read dos header from C:\WINDOWS\System32\WS2_32.dll
[1205/044607.904:ERROR:process_memory_win.cc(73)] ReadMemory at 0x7ffdf1a70000 of 64 bytes failed: Only part of a ReadProcessMemory or WriteProcessMemory request was completed. (0x12B)
[1205/044607.904:WARNING:pe_image_reader.cc(340)] could not read dos header from C:\WINDOWS\System32\OLEAUT32.dll
[1205/044607.904:ERROR:process_memory_win.cc(73)] ReadMemory at 0x7ffdf03c0000 of 64 bytes failed: Only part of a ReadProcessMemory or WriteProcessMemory request was completed. (0x12B)
[1205/044607.904:WARNING:pe_image_reader.cc(340)] could not read dos header from C:\WINDOWS\System32\msvcp_win.dll
[1205/044607.905:ERROR:process_memory_win.cc(73)] ReadMemory at 0x7ffdf01b0000 of 64 bytes failed: Only part of a ReadProcessMemory or WriteProcessMemory request was completed. (0x12B)
[1205/044607.905:WARNING:pe_image_reader.cc(340)] could not read dos header from C:\WINDOWS\System32\ucrtbase.dll
[1205/044607.905:ERROR:process_memory_win.cc(73)] ReadMemory at 0x7ffdf0c10000 of 64 bytes failed: Only part of a ReadProcessMemory or WriteProcessMemory request was completed. (0x12B)
[1205/044607.905:WARNING:pe_image_reader.cc(340)] could not read dos header from C:\WINDOWS\System32\combase.dll
[1205/044607.905:ERROR:process_memory_win.cc(73)] ReadMemory at 0x7ffdf02b0000 of 64 bytes failed: Only part of a ReadProcessMemory or WriteProcessMemory request was completed. (0x12B)
[1205/044607.905:WARNING:pe_image_reader.cc(340)] could not read dos header from C:\WINDOWS\System32\WINTRUST.dll
[1205/044607.905:ERROR:process_memory_win.cc(73)] ReadMemory at 0x7ffdefa40000 of 64 bytes failed: Only part of a ReadProcessMemory or WriteProcessMemory request was completed. (0x12B)
[1205/044607.905:WARNING:pe_image_reader.cc(340)] could not read dos header from C:\WINDOWS\System32\MSASN1.dll
[1205/044607.905:ERROR:process_memory_win.cc(73)] ReadMemory at 0x7ffdeff30000 of 64 bytes failed: Only part of a ReadProcessMemory or WriteProcessMemory request was completed. (0x12B)
[1205/044607.905:WARNING:pe_image_reader.cc(340)] could not read dos header from C:\WINDOWS\System32\CRYPT32.dll
[1205/044607.905:ERROR:process_memory_win.cc(73)] ReadMemory at 0x7ffdef2d0000 of 64 bytes failed: Only part of a ReadProcessMemory or WriteProcessMemory request was completed. (0x12B)
[1205/044607.905:WARNING:pe_image_reader.cc(340)] could not read dos header from C:\WINDOWS\SYSTEM32\dbghelp.dll
[1205/044607.905:ERROR:process_memory_win.cc(73)] ReadMemory at 0x7ffdee880000 of 64 bytes failed: Only part of a ReadProcessMemory or WriteProcessMemory request was completed. (0x12B)
[1205/044607.906:WARNING:pe_image_reader.cc(340)] could not read dos header from C:\WINDOWS\SYSTEM32\IPHLPAPI.DLL
[1205/044607.906:ERROR:process_memory_win.cc(73)] ReadMemory at 0x7ffded900000 of 64 bytes failed: Only part of a ReadProcessMemory or WriteProcessMemory request was completed. (0x12B)
[1205/044607.906:WARNING:pe_image_reader.cc(340)] could not read dos header from C:\WINDOWS\SYSTEM32\WINMM.dll
[1205/044607.906:ERROR:process_memory_win.cc(73)] ReadMemory at 0x7ffdde790000 of 64 bytes failed: Only part of a ReadProcessMemory or WriteProcessMemory request was completed. (0x12B)
[1205/044607.906:WARNING:pe_image_reader.cc(340)] could not read dos header from C:\WINDOWS\SYSTEM32\UIAutomationCore.DLL
[1205/044607.906:ERROR:process_memory_win.cc(73)] ReadMemory at 0x7ffde00d0000 of 64 bytes failed: Only part of a ReadProcessMemory or WriteProcessMemory request was completed. (0x12B)
[1205/044607.906:WARNING:pe_image_reader.cc(340)] could not read dos header from C:\WINDOWS\SYSTEM32\Secur32.dll
[1205/044607.906:ERROR:process_memory_win.cc(73)] ReadMemory at 0x7ffdef930000 of 64 bytes failed: Only part of a ReadProcessMemory or WriteProcessMemory request was completed. (0x12B)
[1205/044607.906:WARNING:pe_image_reader.cc(340)] could not read dos header from C:\WINDOWS\SYSTEM32\USERENV.dll
[1205/044607.906:ERROR:process_memory_win.cc(73)] ReadMemory at 0x7ffdefab0000 of 64 bytes failed: Only part of a ReadProcessMemory or WriteProcessMemory request was completed. (0x12B)
[1205/044607.906:WARNING:pe_image_reader.cc(340)] could not read dos header from C:\WINDOWS\System32\profapi.dll
[1205/044607.907:ERROR:process_memory_win.cc(73)] ReadMemory at 0x7ffde8f10000 of 64 bytes failed: Only part of a ReadProcessMemory or WriteProcessMemory request was completed. (0x12B)
[1205/044607.907:WARNING:pe_image_reader.cc(340)] could not read dos header from C:\WINDOWS\SYSTEM32\DWrite.dll
[1205/044607.907:ERROR:process_memory_win.cc(73)] ReadMemory at 0x7ffddb520000 of 64 bytes failed: Only part of a ReadProcessMemory or WriteProcessMemory request was completed. (0x12B)
[1205/044607.907:WARNING:pe_image_reader.cc(340)] could not read dos header from C:\WINDOWS\SYSTEM32\WINSPOOL.DRV
[1205/044607.907:ERROR:process_memory_win.cc(73)] ReadMemory at 0x7ffdefa20000 of 64 bytes failed: Only part of a ReadProcessMemory or WriteProcessMemory request was completed. (0x12B)
[1205/044607.907:WARNING:pe_image_reader.cc(340)] could not read dos header from C:\WINDOWS\System32\kernel.appcore.dll
[1205/044607.907:ERROR:process_memory_win.cc(73)] ReadMemory at 0x7ffdf0340000 of 64 bytes failed: Only part of a ReadProcessMemory or WriteProcessMemory request was completed. (0x12B)
[1205/044607.907:WARNING:pe_image_reader.cc(340)] could not read dos header from C:\WINDOWS\System32\bcrypt.dll
[1205/044607.907:ERROR:process_memory_win.cc(73)] ReadMemory at 0x7ffde5fb0000 of 64 bytes failed: Only part of a ReadProcessMemory or WriteProcessMemory request was completed. (0x12B)
[1205/044607.907:WARNING:pe_image_reader.cc(340)] could not read dos header from C:\WINDOWS\SYSTEM32\WINHTTP.dll
[1205/044607.907:ERROR:process_memory_win.cc(73)] ReadMemory at 0x7ffde8610000 of 64 bytes failed: Only part of a ReadProcessMemory or WriteProcessMemory request was completed. (0x12B)
[1205/044607.907:WARNING:pe_image_reader.cc(340)] could not read dos header from C:\WINDOWS\SYSTEM32\dhcpcsvc.DLL
[1205/044607.907:ERROR:process_memory_win.cc(73)] ReadMemory at 0x7ffdf2130000 of 64 bytes failed: Only part of a ReadProcessMemory or WriteProcessMemory request was completed. (0x12B)
[1205/044607.908:WARNING:pe_image_reader.cc(340)] could not read dos header from C:\WINDOWS\System32\NSI.dll
[1205/044607.908:ERROR:process_memory_win.cc(73)] ReadMemory at 0x7ffded8d0000 of 64 bytes failed: Only part of a ReadProcessMemory or WriteProcessMemory request was completed. (0x12B)
[1205/044607.908:WARNING:pe_image_reader.cc(340)] could not read dos header from C:\WINDOWS\SYSTEM32\WINMMBASE.dll
[1205/044607.908:ERROR:process_memory_win.cc(73)] ReadMemory at 0x7ffdf0370000 of 64 bytes failed: Only part of a ReadProcessMemory or WriteProcessMemory request was completed. (0x12B)
[1205/044607.908:WARNING:pe_image_reader.cc(340)] could not read dos header from C:\WINDOWS\System32\cfgmgr32.dll
[1205/044607.908:ERROR:process_memory_win.cc(73)] ReadMemory at 0x7ffded6d0000 of 64 bytes failed: Only part of a ReadProcessMemory or WriteProcessMemory request was completed. (0x12B)
[1205/044607.908:WARNING:pe_image_reader.cc(340)] could not read dos header from C:\WINDOWS\SYSTEM32\PROPSYS.dll
[1205/044607.908:ERROR:process_memory_win.cc(73)] ReadMemory at 0x7ffdf1b40000 of 64 bytes failed: Only part of a ReadProcessMemory or WriteProcessMemory request was completed. (0x12B)
[1205/044607.908:WARNING:pe_image_reader.cc(340)] could not read dos header from C:\WINDOWS\System32\shcore.dll
[1205/044607.908:ERROR:process_memory_win.cc(73)] ReadMemory at 0x7ffdef8f0000 of 64 bytes failed: Only part of a ReadProcessMemory or WriteProcessMemory request was completed. (0x12B)
[1205/044607.908:WARNING:pe_image_reader.cc(340)] could not read dos header from C:\WINDOWS\SYSTEM32\SSPICLI.DLL
[1205/044607.908:ERROR:process_memory_win.cc(73)] ReadMemory at 0x7ffdeec50000 of 64 bytes failed: Only part of a ReadProcessMemory or WriteProcessMemory request was completed. (0x12B)
[1205/044607.908:WARNING:pe_image_reader.cc(340)] could not read dos header from C:\WINDOWS\SYSTEM32\CRYPTBASE.DLL
[1205/044609.060:ERROR:process_memory_win.cc(73)] ReadMemory at 0xb3607f3000 of 53248 bytes failed: Only part of a ReadProcessMemory or WriteProcessMemory request was completed. (0x12B)
[1205/044609.598:ERROR:process_memory_win.cc(73)] ReadMemory at 0xb360ffe000 of 8192 bytes failed: Only part of a ReadProcessMemory or WriteProcessMemory request was completed. (0x12B)
[1205/044609.598:ERROR:process_memory_win.cc(73)] ReadMemory at 0xb3617fd000 of 12288 bytes failed: Only part of a ReadProcessMemory or WriteProcessMemory request was completed. (0x12B)
[1205/044609.599:ERROR:process_memory_win.cc(73)] ReadMemory at 0xb361ffd000 of 12288 bytes failed: Only part of a ReadProcessMemory or WriteProcessMemory request was completed. (0x12B)
[1205/044609.599:ERROR:process_memory_win.cc(73)] ReadMemory at 0xb3627fc000 of 16384 bytes failed: Only part of a ReadProcessMemory or WriteProcessMemory request was completed. (0x12B)
[1205/044609.599:ERROR:process_memory_win.cc(73)] ReadMemory at 0xb3637fe000 of 8192 bytes failed: Only part of a ReadProcessMemory or WriteProcessMemory request was completed. (0x12B)
[1205/044609.599:ERROR:process_memory_win.cc(73)] ReadMemory at 0xb363ffe000 of 8192 bytes failed: Only part of a ReadProcessMemory or WriteProcessMemory request was completed. (0x12B)
[1205/044609.600:ERROR:process_memory_win.cc(73)] ReadMemory at 0xb3647fc000 of 16384 bytes failed: Only part of a ReadProcessMemory or WriteProcessMemory request was completed. (0x12B)
[1205/044609.600:ERROR:process_memory_win.cc(73)] ReadMemory at 0xb3657fe000 of 8192 bytes failed: Only part of a ReadProcessMemory or WriteProcessMemory request was completed. (0x12B)
[1205/044609.600:ERROR:process_memory_win.cc(73)] ReadMemory at 0xb365ffe000 of 8192 bytes failed: Only part of a ReadProcessMemory or WriteProcessMemory request was completed. (0x12B)
[1205/044609.600:ERROR:process_memory_win.cc(73)] ReadMemory at 0xb3667fd000 of 12288 bytes failed: Only part of a ReadProcessMemory or WriteProcessMemory request was completed. (0x12B)
[1205/044609.600:ERROR:process_memory_win.cc(73)] ReadMemory at 0xb366ffe000 of 8192 bytes failed: Only part of a ReadProcessMemory or WriteProcessMemory request was completed. (0x12B)
[1205/044609.601:ERROR:process_memory_win.cc(73)] ReadMemory at 0xb362ffe000 of 8192 bytes failed: Only part of a ReadProcessMemory or WriteProcessMemory request was completed. (0x12B)
[1205/044609.601:ERROR:process_memory_win.cc(73)] ReadMemory at 0xb364ffe000 of 8192 bytes failed: Only part of a ReadProcessMemory or WriteProcessMemory request was completed. (0x12B)
[1205/044609.601:ERROR:process_memory_win.cc(73)] ReadMemory at 0xb35fe3d000 of 852 bytes failed: Only part of a ReadProcessMemory or WriteProcessMemory request was completed. (0x12B)
[1205/044609.601:ERROR:process_memory_win.cc(73)] ReadMemory at 0xb35fe3e000 of 6024 bytes failed: Only part of a ReadProcessMemory or WriteProcessMemory request was completed. (0x12B)
[1205/044609.601:ERROR:process_memory_win.cc(73)] ReadMemory at 0xb35fe40000 of 6024 bytes failed: Only part of a ReadProcessMemory or WriteProcessMemory request was completed. (0x12B)
[1205/044609.602:ERROR:process_memory_win.cc(73)] ReadMemory at 0xb35fe42000 of 6024 bytes failed: Only part of a ReadProcessMemory or WriteProcessMemory request was completed. (0x12B)
[1205/044609.602:ERROR:process_memory_win.cc(73)] ReadMemory at 0xb35fe44000 of 6024 bytes failed: Only part of a ReadProcessMemory or WriteProcessMemory request was completed. (0x12B)
[1205/044609.602:ERROR:process_memory_win.cc(73)] ReadMemory at 0xb35fe46000 of 6024 bytes failed: Only part of a ReadProcessMemory or WriteProcessMemory request was completed. (0x12B)
[1205/044609.602:ERROR:process_memory_win.cc(73)] ReadMemory at 0xb35fe4a000 of 6024 bytes failed: Only part of a ReadProcessMemory or WriteProcessMemory request was completed. (0x12B)
[1205/044609.603:ERROR:process_memory_win.cc(73)] ReadMemory at 0xb35fe4c000 of 6024 bytes failed: Only part of a ReadProcessMemory or WriteProcessMemory request was completed. (0x12B)
[1205/044609.603:ERROR:process_memory_win.cc(73)] ReadMemory at 0xb35fe4e000 of 6024 bytes failed: Only part of a ReadProcessMemory or WriteProcessMemory request was completed. (0x12B)
[1205/044609.603:ERROR:process_memory_win.cc(73)] ReadMemory at 0xb35fe52000 of 6024 bytes failed: Only part of a ReadProcessMemory or WriteProcessMemory request was completed. (0x12B)
[1205/044609.603:ERROR:process_memory_win.cc(73)] ReadMemory at 0xb35fe54000 of 6024 bytes failed: Only part of a ReadProcessMemory or WriteProcessMemory request was completed. (0x12B)
[1205/044609.603:ERROR:process_memory_win.cc(73)] ReadMemory at 0xb35fe56000 of 6024 bytes failed: Only part of a ReadProcessMemory or WriteProcessMemory request was completed. (0x12B)
[1205/044609.604:ERROR:process_memory_win.cc(73)] ReadMemory at 0xb35fe58000 of 6024 bytes failed: Only part of a ReadProcessMemory or WriteProcessMemory request was completed. (0x12B)
[1205/044609.604:ERROR:process_memory_win.cc(73)] ReadMemory at 0xb35fe5c000 of 6024 bytes failed: Only part of a ReadProcessMemory or WriteProcessMemory request was completed. (0x12B)
[1205/044609.604:ERROR:process_memory_win.cc(73)] ReadMemory at 0xb35fe64000 of 6024 bytes failed: Only part of a ReadProcessMemory or WriteProcessMemory request was completed. (0x12B)
[1205/044609.604:ERROR:process_memory_win.cc(73)] ReadMemory at 0x26084b60c70 of 512 bytes failed: Only part of a ReadProcessMemory or WriteProcessMemory request was completed. (0x12B)
[1205/044609.604:ERROR:process_memory_win.cc(73)] ReadMemory at 0x26084b60e80 of 512 bytes failed: Only part of a ReadProcessMemory or WriteProcessMemory request was completed. (0x12B)
[1205/044609.604:ERROR:process_memory_win.cc(73)] ReadMemory at 0x26084c00fe0 of 19116 bytes failed: Only part of a ReadProcessMemory or WriteProcessMemory request was completed. (0x12B)
[1205/044609.605:ERROR:process_memory_win.cc(73)] ReadMemory at 0x26084c05aa0 of 1012 bytes failed: Only part of a ReadProcessMemory or WriteProcessMemory request was completed. (0x12B)
[1205/044609.605:ERROR:process_memory_win.cc(73)] ReadMemory at 0x26084c060e8 of 118 bytes failed: Only part of a ReadProcessMemory or WriteProcessMemory request was completed. (0x12B)
[1205/044609.605:ERROR:process_memory_win.cc(73)] ReadMemory at 0x26084c06160 of 712 bytes failed: Only part of a ReadProcessMemory or WriteProcessMemory request was completed. (0x12B)
[1205/044609.605:ERROR:process_memory_win.cc(73)] ReadMemory at 0x26084c0642a of 118 bytes failed: Only part of a ReadProcessMemory or WriteProcessMemory request was completed. (0x12B)
[1205/044609.605:ERROR:process_memory_win.cc(73)] ReadMemory at 0x26084c064a2 of 94 bytes failed: Only part of a ReadProcessMemory or WriteProcessMemory request was completed. (0x12B)
[1205/044609.606:ERROR:process_memory_win.cc(73)] ReadMemory at 0x26084c06510 of 58 bytes failed: Only part of a ReadProcessMemory or WriteProcessMemory request was completed. (0x12B)
[1205/044609.606:ERROR:process_memory_win.cc(73)] ReadMemory at 0x26084c06610 of 132 bytes failed: Only part of a ReadProcessMemory or WriteProcessMemory request was completed. (0x12B)
[1205/044609.606:ERROR:process_memory_win.cc(73)] ReadMemory at 0x26084c067a0 of 132 bytes failed: Only part of a ReadProcessMemory or WriteProcessMemory request was completed. (0x12B)
[1205/044609.606:ERROR:process_memory_win.cc(73)] ReadMemory at 0x26084c06960 of 126 bytes failed: Only part of a ReadProcessMemory or WriteProcessMemory request was completed. (0x12B)
[1205/044609.606:ERROR:process_memory_win.cc(73)] ReadMemory at 0x26084c06e60 of 132 bytes failed: Only part of a ReadProcessMemory or WriteProcessMemory request was completed. (0x12B)
[1205/044609.606:ERROR:process_memory_win.cc(73)] ReadMemory at 0x26084c06ff0 of 64 bytes failed: Only part of a ReadProcessMemory or WriteProcessMemory request was completed. (0x12B)
[1205/044609.606:ERROR:process_memory_win.cc(73)] ReadMemory at 0x26084c071b0 of 132 bytes failed: Only part of a ReadProcessMemory or WriteProcessMemory request was completed. (0x12B)
[1205/044609.607:ERROR:process_memory_win.cc(73)] ReadMemory at 0x26084c07450 of 132 bytes failed: Only part of a ReadProcessMemory or WriteProcessMemory request was completed. (0x12B)
[1205/044609.607:ERROR:process_memory_win.cc(73)] ReadMemory at 0x26084c075e0 of 68 bytes failed: Only part of a ReadProcessMemory or WriteProcessMemory request was completed. (0x12B)
[1205/044609.607:ERROR:process_memory_win.cc(73)] ReadMemory at 0x26084c08690 of 132 bytes failed: Only part of a ReadProcessMemory or WriteProcessMemory request was completed. (0x12B)
[1205/044609.607:ERROR:process_memory_win.cc(73)] ReadMemory at 0x26084c08820 of 154 bytes failed: Only part of a ReadProcessMemory or WriteProcessMemory request was completed. (0x12B)
[1205/044609.607:ERROR:process_memory_win.cc(73)] ReadMemory at 0x26084c09520 of 62 bytes failed: Only part of a ReadProcessMemory or WriteProcessMemory request was completed. (0x12B)
[1205/044609.608:ERROR:process_memory_win.cc(73)] ReadMemory at 0x26084c09680 of 132 bytes failed: Only part of a ReadProcessMemory or WriteProcessMemory request was completed. (0x12B)
[1205/044609.608:ERROR:process_memory_win.cc(73)] ReadMemory at 0x26084c09810 of 60 bytes failed: Only part of a ReadProcessMemory or WriteProcessMemory request was completed. (0x12B)
[1205/044609.608:ERROR:process_memory_win.cc(73)] ReadMemory at 0x26084c18ee0 of 64 bytes failed: Only part of a ReadProcessMemory or WriteProcessMemory request was completed. (0x12B)
[1205/044609.608:ERROR:process_memory_win.cc(73)] ReadMemory at 0x26084c195c0 of 60 bytes failed: Only part of a ReadProcessMemory or WriteProcessMemory request was completed. (0x12B)
[1205/044609.608:ERROR:process_memory_win.cc(73)] ReadMemory at 0x26084c19610 of 64 bytes failed: Only part of a ReadProcessMemory or WriteProcessMemory request was completed. (0x12B)
[1205/044609.608:ERROR:process_memory_win.cc(73)] ReadMemory at 0x26084c19700 of 66 bytes failed: Only part of a ReadProcessMemory or WriteProcessMemory request was completed. (0x12B)
[1205/044609.608:ERROR:process_memory_win.cc(73)] ReadMemory at 0x26084c19750 of 62 bytes failed: Only part of a ReadProcessMemory or WriteProcessMemory request was completed. (0x12B)
[1205/044609.609:ERROR:process_memory_win.cc(73)] ReadMemory at 0x26084c197a0 of 64 bytes failed: Only part of a ReadProcessMemory or WriteProcessMemory request was completed. (0x12B)
[1205/044609.609:ERROR:process_memory_win.cc(73)] ReadMemory at 0x26084c197f0 of 60 bytes failed: Only part of a ReadProcessMemory or WriteProcessMemory request was completed. (0x12B)
[1205/044609.609:ERROR:process_memory_win.cc(73)] ReadMemory at 0x26084c19840 of 62 bytes failed: Only part of a ReadProcessMemory or WriteProcessMemory request was completed. (0x12B)
[1205/044609.609:ERROR:process_memory_win.cc(73)] ReadMemory at 0x26084c19a20 of 60 bytes failed: Only part of a ReadProcessMemory or WriteProcessMemory request was completed. (0x12B)
[1205/044609.609:ERROR:process_memory_win.cc(73)] ReadMemory at 0x26084c19b10 of 62 bytes failed: Only part of a ReadProcessMemory or WriteProcessMemory request was completed. (0x12B)
[1205/044609.609:ERROR:process_memory_win.cc(73)] ReadMemory at 0x26084c19b60 of 64 bytes failed: Only part of a ReadProcessMemory or WriteProcessMemory request was completed. (0x12B)
[1205/044609.610:ERROR:process_memory_win.cc(73)] ReadMemory at 0x26084c19ca0 of 62 bytes failed: Only part of a ReadProcessMemory or WriteProcessMemory request was completed. (0x12B)
[1205/044609.610:ERROR:process_memory_win.cc(73)] ReadMemory at 0x26084c1b5d0 of 80 bytes failed: Only part of a ReadProcessMemory or WriteProcessMemory request was completed. (0x12B)
[1205/044609.610:ERROR:process_memory_win.cc(73)] ReadMemory at 0x26084c1d950 of 132 bytes failed: Only part of a ReadProcessMemory or WriteProcessMemory request was completed. (0x12B)
[1205/044609.610:ERROR:process_memory_win.cc(73)] ReadMemory at 0x26084c1da80 of 146 bytes failed: Only part of a ReadProcessMemory or WriteProcessMemory request was completed. (0x12B)
[1205/044609.610:ERROR:process_memory_win.cc(73)] ReadMemory at 0x26084c1db30 of 132 bytes failed: Only part of a ReadProcessMemory or WriteProcessMemory request was completed. (0x12B)
[1205/044609.610:ERROR:process_memory_win.cc(73)] ReadMemory at 0x26084c1df00 of 132 bytes failed: Only part of a ReadProcessMemory or WriteProcessMemory request was completed. (0x12B)
[1205/044609.611:ERROR:process_memory_win.cc(73)] ReadMemory at 0x26084c1fa90 of 80 bytes failed: Only part of a ReadProcessMemory or WriteProcessMemory request was completed. (0x12B)
[1205/044609.611:ERROR:process_memory_win.cc(73)] ReadMemory at 0x26084c1ffd0 of 76 bytes failed: Only part of a ReadProcessMemory or WriteProcessMemory request was completed. (0x12B)
[1205/044609.611:ERROR:process_memory_win.cc(73)] ReadMemory at 0x26084c23060 of 54 bytes failed: Only part of a ReadProcessMemory or WriteProcessMemory request was completed. (0x12B)
[1205/044609.611:ERROR:process_memory_win.cc(73)] ReadMemory at 0x26084c24b00 of 132 bytes failed: Only part of a ReadProcessMemory or WriteProcessMemory request was completed. (0x12B)
[1205/044609.612:ERROR:process_memory_win.cc(73)] ReadMemory at 0x26084c24d20 of 132 bytes failed: Only part of a ReadProcessMemory or WriteProcessMemory request was completed. (0x12B)
[1205/044609.612:ERROR:process_memory_win.cc(73)] ReadMemory at 0x26084c25080 of 132 bytes failed: Only part of a ReadProcessMemory or WriteProcessMemory request was completed. (0x12B)
[1205/044609.612:ERROR:process_memory_win.cc(73)] ReadMemory at 0x26084c27c90 of 132 bytes failed: Only part of a ReadProcessMemory or WriteProcessMemory request was completed. (0x12B)
[1205/044609.612:ERROR:process_memory_win.cc(73)] ReadMemory at 0x26084c27dc0 of 132 bytes failed: Only part of a ReadProcessMemory or WriteProcessMemory request was completed. (0x12B)
[1205/044609.613:ERROR:process_memory_win.cc(73)] ReadMemory at 0x26084c2b0f0 of 132 bytes failed: Only part of a ReadProcessMemory or WriteProcessMemory request was completed. (0x12B)
[1205/044609.613:ERROR:process_memory_win.cc(73)] ReadMemory at 0x26084c2b350 of 132 bytes failed: Only part of a ReadProcessMemory or WriteProcessMemory request was completed. (0x12B)
[1205/044609.613:ERROR:process_memory_win.cc(73)] ReadMemory at 0x26084c2b480 of 132 bytes failed: Only part of a ReadProcessMemory or WriteProcessMemory request was completed. (0x12B)
[1205/044609.613:ERROR:process_memory_win.cc(73)] ReadMemory at 0x26084c2b5b0 of 132 bytes failed: Only part of a ReadProcessMemory or WriteProcessMemory request was completed. (0x12B)
[1205/044609.613:ERROR:process_memory_win.cc(73)] ReadMemory at 0x26084c2b6e0 of 132 bytes failed: Only part of a ReadProcessMemory or WriteProcessMemory request was completed. (0x12B)
[1205/044609.613:ERROR:process_memory_win.cc(73)] ReadMemory at 0x26084c2b810 of 132 bytes failed: Only part of a ReadProcessMemory or WriteProcessMemory request was completed. (0x12B)
[1205/044609.614:ERROR:process_memory_win.cc(73)] ReadMemory at 0x26084c2b940 of 132 bytes failed: Only part of a ReadProcessMemory or WriteProcessMemory request was completed. (0x12B)
[1205/044609.614:ERROR:process_memory_win.cc(73)] ReadMemory at 0x26084c2ba70 of 132 bytes failed: Only part of a ReadProcessMemory or WriteProcessMemory request was completed. (0x12B)
[1205/044609.614:ERROR:process_memory_win.cc(73)] ReadMemory at 0x26084c2bba0 of 132 bytes failed: Only part of a ReadProcessMemory or WriteProcessMemory request was completed. (0x12B)
[1205/044609.614:ERROR:process_memory_win.cc(73)] ReadMemory at 0x26084c2bcd0 of 132 bytes failed: Only part of a ReadProcessMemory or WriteProcessMemory request was completed. (0x12B)
[1205/044609.614:ERROR:process_memory_win.cc(73)] ReadMemory at 0x26084c2be00 of 132 bytes failed: Only part of a ReadProcessMemory or WriteProcessMemory request was completed. (0x12B)
[1205/044609.614:ERROR:process_memory_win.cc(73)] ReadMemory at 0x26084c2bf30 of 132 bytes failed: Only part of a ReadProcessMemory or WriteProcessMemory request was completed. (0x12B)
[1205/044609.615:ERROR:process_memory_win.cc(73)] ReadMemory at 0x26084c2ebb0 of 132 bytes failed: Only part of a ReadProcessMemory or WriteProcessMemory request was completed. (0x12B)
[1205/044609.615:ERROR:process_memory_win.cc(73)] ReadMemory at 0x26084c2ece0 of 132 bytes failed: Only part of a ReadProcessMemory or WriteProcessMemory request was completed. (0x12B)
[1205/044609.616:ERROR:process_memory_win.cc(73)] ReadMemory at 0x26084c2f280 of 132 bytes failed: Only part of a ReadProcessMemory or WriteProcessMemory request was completed. (0x12B)
[1205/044609.616:ERROR:process_memory_win.cc(73)] ReadMemory at 0x26084c2f4e0 of 132 bytes failed: Only part of a ReadProcessMemory or WriteProcessMemory request was completed. (0x12B)
[1205/044609.616:ERROR:process_memory_win.cc(73)] ReadMemory at 0x26084c2f9a0 of 132 bytes failed: Only part of a ReadProcessMemory or WriteProcessMemory request was completed. (0x12B)
[1205/044609.616:ERROR:process_memory_win.cc(73)] ReadMemory at 0x26084c2fc00 of 132 bytes failed: Only part of a ReadProcessMemory or WriteProcessMemory request was completed. (0x12B)
[1205/044609.617:ERROR:process_memory_win.cc(73)] ReadMemory at 0x26084c2fd30 of 132 bytes failed: Only part of a ReadProcessMemory or WriteProcessMemory request was completed. (0x12B)
[1205/044609.617:ERROR:process_memory_win.cc(73)] ReadMemory at 0x26084c2fe60 of 132 bytes failed: Only part of a ReadProcessMemory or WriteProcessMemory request was completed. (0x12B)
[1205/044609.617:ERROR:process_memory_win.cc(73)] ReadMemory at 0x26084c2ff90 of 132 bytes failed: Only part of a ReadProcessMemory or WriteProcessMemory request was completed. (0x12B)
[1205/044609.617:ERROR:process_memory_win.cc(73)] ReadMemory at 0x26084c300c0 of 132 bytes failed: Only part of a ReadProcessMemory or WriteProcessMemory request was completed. (0x12B)
[1205/044609.618:ERROR:process_memory_win.cc(73)] ReadMemory at 0x26084c301f0 of 132 bytes failed: Only part of a ReadProcessMemory or WriteProcessMemory request was completed. (0x12B)
[1205/044609.618:ERROR:process_memory_win.cc(73)] ReadMemory at 0x26084c30580 of 132 bytes failed: Only part of a ReadProcessMemory or WriteProcessMemory request was completed. (0x12B)
[1205/044609.618:ERROR:process_memory_win.cc(73)] ReadMemory at 0x26084c31a60 of 62 bytes failed: Only part of a ReadProcessMemory or WriteProcessMemory request was completed. (0x12B)
[1205/044609.618:ERROR:process_memory_win.cc(73)] ReadMemory at 0x26084c31c40 of 62 bytes failed: Only part of a ReadProcessMemory or WriteProcessMemory request was completed. (0x12B)
[1205/044609.619:ERROR:process_memory_win.cc(73)] ReadMemory at 0x26084c31dd0 of 64 bytes failed: Only part of a ReadProcessMemory or WriteProcessMemory request was completed. (0x12B)
[1205/044609.619:ERROR:process_memory_win.cc(73)] ReadMemory at 0x26084c31f10 of 60 bytes failed: Only part of a ReadProcessMemory or WriteProcessMemory request was completed. (0x12B)
[1205/044609.619:ERROR:process_memory_win.cc(73)] ReadMemory at 0x26084c31f60 of 62 bytes failed: Only part of a ReadProcessMemory or WriteProcessMemory request was completed. (0x12B)
[1205/044609.619:ERROR:process_memory_win.cc(73)] ReadMemory at 0x26084c320a0 of 64 bytes failed: Only part of a ReadProcessMemory or WriteProcessMemory request was completed. (0x12B)
[1205/044609.620:ERROR:process_memory_win.cc(73)] ReadMemory at 0x26084c32140 of 60 bytes failed: Only part of a ReadProcessMemory or WriteProcessMemory request was completed. (0x12B)
[1205/044609.620:ERROR:process_memory_win.cc(73)] ReadMemory at 0x26084c323c0 of 64 bytes failed: Only part of a ReadProcessMemory or WriteProcessMemory request was completed. (0x12B)
[1205/044609.620:ERROR:process_memory_win.cc(73)] ReadMemory at 0x26084c324b0 of 58 bytes failed: Only part of a ReadProcessMemory or WriteProcessMemory request was completed. (0x12B)
[1205/044609.620:ERROR:process_memory_win.cc(73)] ReadMemory at 0x26084c32500 of 62 bytes failed: Only part of a ReadProcessMemory or WriteProcessMemory request was completed. (0x12B)
[1205/044609.621:ERROR:process_memory_win.cc(73)] ReadMemory at 0x26084c32550 of 66 bytes failed: Only part of a ReadProcessMemory or WriteProcessMemory request was completed. (0x12B)
[1205/044609.621:ERROR:process_memory_win.cc(73)] ReadMemory at 0x26084c32640 of 62 bytes failed: Only part of a ReadProcessMemory or WriteProcessMemory request was completed. (0x12B)
[1205/044609.621:ERROR:process_memory_win.cc(73)] ReadMemory at 0x26084c32690 of 60 bytes failed: Only part of a ReadProcessMemory or WriteProcessMemory request was completed. (0x12B)
[1205/044609.621:ERROR:process_memory_win.cc(73)] ReadMemory at 0x26084c326e0 of 64 bytes failed: Only part of a ReadProcessMemory or WriteProcessMemory request was completed. (0x12B)
[1205/044609.622:ERROR:process_memory_win.cc(73)] ReadMemory at 0x26084c32780 of 62 bytes failed: Only part of a ReadProcessMemory or WriteProcessMemory request was completed. (0x12B)
[1205/044609.622:ERROR:process_memory_win.cc(73)] ReadMemory at 0x26084c7a820 of 512 bytes failed: Only part of a ReadProcessMemory or WriteProcessMemory request was completed. (0x12B)
[1205/044609.622:ERROR:process_memory_win.cc(73)] ReadMemory at 0x26084c7baf0 of 560 bytes failed: Only part of a ReadProcessMemory or WriteProcessMemory request was completed. (0x12B)
[1205/044609.622:ERROR:process_memory_win.cc(73)] ReadMemory at 0x26084c7be70 of 512 bytes failed: Only part of a ReadProcessMemory or WriteProcessMemory request was completed. (0x12B)
[1205/044609.623:ERROR:process_memory_win.cc(73)] ReadMemory at 0x26084c93eb0 of 512 bytes failed: Only part of a ReadProcessMemory or WriteProcessMemory request was completed. (0x12B)
[1205/044609.623:ERROR:process_memory_win.cc(73)] ReadMemory at 0x26084c9d320 of 512 bytes failed: Only part of a ReadProcessMemory or WriteProcessMemory request was completed. (0x12B)
[1205/044609.623:ERROR:process_memory_win.cc(73)] ReadMemory at 0x26084ca3588 of 512 bytes failed: Only part of a ReadProcessMemory or WriteProcessMemory request was completed. (0x12B)
[1205/044609.623:ERROR:process_memory_win.cc(73)] ReadMemory at 0x26084ca3d68 of 512 bytes failed: Only part of a ReadProcessMemory or WriteProcessMemory request was completed. (0x12B)
[1205/044609.624:ERROR:process_memory_win.cc(73)] ReadMemory at 0x26084ca4308 of 512 bytes failed: Only part of a ReadProcessMemory or WriteProcessMemory request was completed. (0x12B)
[1205/044609.624:ERROR:process_memory_win.cc(73)] ReadMemory at 0x26084ca90b0 of 712 bytes failed: Only part of a ReadProcessMemory or WriteProcessMemory request was completed. (0x12B)
[1205/044609.624:ERROR:process_memory_win.cc(73)] ReadMemory at 0x26084cb2a00 of 512 bytes failed: Only part of a ReadProcessMemory or WriteProcessMemory request was completed. (0x12B)
[1205/044609.624:ERROR:process_memory_win.cc(73)] ReadMemory at 0x26084cc48e0 of 512 bytes failed: Only part of a ReadProcessMemory or WriteProcessMemory request was completed. (0x12B)
[1205/044609.625:ERROR:process_memory_win.cc(73)] ReadMemory at 0x26084cd3240 of 512 bytes failed: Only part of a ReadProcessMemory or WriteProcessMemory request was completed. (0x12B)
[1205/044609.625:ERROR:process_memory_win.cc(73)] ReadMemory at 0x26084cd73a0 of 512 bytes failed: Only part of a ReadProcessMemory or WriteProcessMemory request was completed. (0x12B)
[1205/044609.625:ERROR:process_memory_win.cc(73)] ReadMemory at 0x260864c0000 of 384 bytes failed: Only part of a ReadProcessMemory or WriteProcessMemory request was completed. (0x12B)
[1205/044609.626:ERROR:process_memory_win.cc(73)] ReadMemory at 0x260864d52c0 of 656 bytes failed: Only part of a ReadProcessMemory or WriteProcessMemory request was completed. (0x12B)
[1205/044609.626:ERROR:process_memory_win.cc(73)] ReadMemory at 0x26086503500 of 512 bytes failed: Only part of a ReadProcessMemory or WriteProcessMemory request was completed. (0x12B)
[1205/044609.626:ERROR:process_memory_win.cc(73)] ReadMemory at 0x260865141c0 of 512 bytes failed: Only part of a ReadProcessMemory or WriteProcessMemory request was completed. (0x12B)
[1205/044609.626:ERROR:process_memory_win.cc(73)] ReadMemory at 0x26086529f52 of 628 bytes failed: Only part of a ReadProcessMemory or WriteProcessMemory request was completed. (0x12B)
[1205/044609.627:ERROR:process_memory_win.cc(73)] ReadMemory at 0x2608652a2f6 of 512 bytes failed: Only part of a ReadProcessMemory or WriteProcessMemory request was completed. (0x12B)
[1205/044609.627:ERROR:process_memory_win.cc(73)] ReadMemory at 0x260868c1980 of 512 bytes failed: Only part of a ReadProcessMemory or WriteProcessMemory request was completed. (0x12B)
[1205/044609.627:ERROR:process_memory_win.cc(73)] ReadMemory at 0x26086903a80 of 512 bytes failed: Only part of a ReadProcessMemory or WriteProcessMemory request was completed. (0x12B)
[1205/044609.628:ERROR:process_memory_win.cc(73)] ReadMemory at 0x4dc503f98280 of 512 bytes failed: Only part of a ReadProcessMemory or WriteProcessMemory request was completed. (0x12B)
[1205/044609.628:ERROR:process_memory_win.cc(73)] ReadMemory at 0x4f3208587f80 of 512 bytes failed: Only part of a ReadProcessMemory or WriteProcessMemory request was completed. (0x12B)
[1205/044609.628:ERROR:process_memory_win.cc(73)] ReadMemory at 0x4f320860db80 of 512 bytes failed: Only part of a ReadProcessMemory or WriteProcessMemory request was completed. (0x12B)
[1205/044609.628:ERROR:process_memory_win.cc(73)] ReadMemory at 0x50888c8489d8 of 512 bytes failed: Only part of a ReadProcessMemory or WriteProcessMemory request was completed. (0x12B)
[1205/044609.628:ERROR:process_memory_win.cc(73)] ReadMemory at 0x7ffd95123b3d of 512 bytes failed: Only part of a ReadProcessMemory or WriteProcessMemory request was completed. (0x12B)
[1205/044609.629:ERROR:process_memory_win.cc(73)] ReadMemory at 0x7ffd97501070 of 512 bytes failed: Only part of a ReadProcessMemory or WriteProcessMemory request was completed. (0x12B)
[1205/044609.629:ERROR:process_memory_win.cc(73)] ReadMemory at 0x7ffd9a4ff128 of 512 bytes failed: Only part of a ReadProcessMemory or WriteProcessMemory request was completed. (0x12B)
[1205/044609.629:ERROR:process_memory_win.cc(73)] ReadMemory at 0x7ffdd6535810 of 512 bytes failed: Only part of a ReadProcessMemory or WriteProcessMemory request was completed. (0x12B)
[1205/044609.629:ERROR:process_memory_win.cc(73)] ReadMemory at 0x7ffdd6535ed7 of 512 bytes failed: Only part of a ReadProcessMemory or WriteProcessMemory request was completed. (0x12B)
[1205/044609.629:ERROR:process_memory_win.cc(73)] ReadMemory at 0x7ffdf2031fd0 of 512 bytes failed: Only part of a ReadProcessMemory or WriteProcessMemory request was completed. (0x12B)
[1205/044609.629:ERROR:process_memory_win.cc(73)] ReadMemory at 0x7ffdf2bfc6f4 of 672 bytes failed: Only part of a ReadProcessMemory or WriteProcessMemory request was completed. (0x12B)
[1205/044609.630:ERROR:process_memory_win.cc(73)] ReadMemory at 0x7ffdf2bfffa4 of 608 bytes failed: Only part of a ReadProcessMemory or WriteProcessMemory request was completed. (0x12B)
[1205/044609.630:ERROR:process_memory_win.cc(73)] ReadMemory at 0x7ffdf2c8c428 of 18 bytes failed: Only part of a ReadProcessMemory or WriteProcessMemory request was completed. (0x12B)
[1205/044609.630:ERROR:process_memory_win.cc(73)] ReadMemory at 0x7ffdf2cbf4f8 of 40 bytes failed: Only part of a ReadProcessMemory or WriteProcessMemory request was completed. (0x12B)
[1205/044609.630:ERROR:process_memory_win.cc(73)] ReadMemory at 0x7ffdf2cbf978 of 48 bytes failed: Only part of a ReadProcessMemory or WriteProcessMemory request was completed. (0x12B)
[1205/044609.630:ERROR:process_memory_win.cc(73)] ReadMemory at 0x7ffdf2cc53c0 of 64 bytes failed: Only part of a ReadProcessMemory or WriteProcessMemory request was completed. (0x12B)
[1205/044609.646:ERROR:scoped_process_suspend.cc(40)] NtResumeProcess: An attempt was made to access an exiting process. (0xc000010a)
[1208/204657.339:ERROR:directory_reader_win.cc(43)] FindFirstFile: The system cannot find the path specified. (0x3)
[1211/222115.385:ERROR:directory_reader_win.cc(43)] FindFirstFile: The system cannot find the path specified. (0x3)
[1213/023707.881:ERROR:directory_reader_win.cc(43)] FindFirstFile: The system cannot find the path specified. (0x3)
[1219/081619.831:ERROR:directory_reader_win.cc(43)] FindFirstFile: The system cannot find the path specified. (0x3)
[1219/110422.664:ERROR:directory_reader_win.cc(43)] FindFirstFile: The system cannot find the path specified. (0x3)
[1222/142855.564:ERROR:directory_reader_win.cc(43)] FindFirstFile: The system cannot find the path specified. (0x3)
[1224/033937.842:ERROR:directory_reader_win.cc(43)] FindFirstFile: The system cannot find the path specified. (0x3)
[1228/215412.569:ERROR:directory_reader_win.cc(43)] FindFirstFile: The system cannot find the path specified. (0x3)
[1229/225547.799:ERROR:directory_reader_win.cc(43)] FindFirstFile: The system cannot find the path specified. (0x3)
